\BOOKMARK [0][-]{chapter.1}{Introduzione}{}% 1
\BOOKMARK [1][-]{section.1.1}{Contesto dell'applicazione}{chapter.1}% 2
\BOOKMARK [1][-]{section.1.2}{Funzionalit\340 principali}{chapter.1}% 3
\BOOKMARK [2][-]{subsection.1.2.1}{Gestione dei progetti di ricerca}{section.1.2}% 4
\BOOKMARK [2][-]{subsection.1.2.2}{Processo di valutazione e storico modifiche}{section.1.2}% 5
\BOOKMARK [2][-]{subsection.1.2.3}{Interazione tra ricercatori e valutatori}{section.1.2}% 6
\BOOKMARK [1][-]{section.1.3}{Obiettivi e scopo del documento}{chapter.1}% 7
\BOOKMARK [0][-]{chapter.2}{Progettazione della base di dati}{}% 8
\BOOKMARK [1][-]{section.2.1}{Raccolta ed analisi dei requisiti}{chapter.2}% 9
\BOOKMARK [2][-]{subsection.2.1.1}{Quadro generale}{section.2.1}% 10
\BOOKMARK [2][-]{subsection.2.1.2}{Vincoli preliminari}{section.2.1}% 11
\BOOKMARK [2][-]{subsection.2.1.3}{Ruoli}{section.2.1}% 12
\BOOKMARK [1][-]{section.2.2}{Progettazione concettuale}{chapter.2}% 13
\BOOKMARK [2][-]{subsection.2.2.1}{Schema ad oggetti}{section.2.2}% 14
\BOOKMARK [2][-]{subsection.2.2.2}{Giustificazione delle decisioni progettuali}{section.2.2}% 15
\BOOKMARK [1][-]{section.2.3}{Progettazione logica}{chapter.2}% 16
\BOOKMARK [2][-]{subsection.2.3.1}{Schema logico}{section.2.3}% 17
\BOOKMARK [2][-]{subsection.2.3.2}{Giustificazione delle decisioni progettuali}{section.2.3}% 18
\BOOKMARK [1][-]{section.2.4}{Progettazione fisica}{chapter.2}% 19
\BOOKMARK [2][-]{subsection.2.4.1}{Istruzioni SQL}{section.2.4}% 20
\BOOKMARK [2][-]{subsection.2.4.2}{Specifiche integrit\340 dei dati}{section.2.4}% 21
\BOOKMARK [2][-]{subsection.2.4.3}{Gestione dei ruoli e politiche di autorizzazione}{section.2.4}% 22
\BOOKMARK [2][-]{subsection.2.4.4}{Performance: indici e materialized view }{section.2.4}% 23
\BOOKMARK [0][-]{chapter.3}{Sviluppo back-end}{}% 24
\BOOKMARK [1][-]{section.3.1}{Scelta di Flask come framework}{chapter.3}% 25
\BOOKMARK [1][-]{section.3.2}{Architettura dell'applicazione}{chapter.3}% 26
\BOOKMARK [2][-]{subsection.3.2.1}{Ruolo del back-end nell'architettura complessiva}{section.3.2}% 27
\BOOKMARK [2][-]{subsection.3.2.2}{Organizzazione delle directory e dei file del progetto}{section.3.2}% 28
\BOOKMARK [2][-]{subsection.3.2.3}{Principali componenti del back-end}{section.3.2}% 29
\BOOKMARK [1][-]{section.3.3}{Interazione con il DBMS PostgreSQL}{chapter.3}% 30
\BOOKMARK [2][-]{subsection.3.3.1}{Utilizzo di SQLAlchemy per l'interazione con il database}{section.3.3}% 31
\BOOKMARK [2][-]{subsection.3.3.2}{Esecuzione delle query principali e gestione dei risultati}{section.3.3}% 32
\BOOKMARK [1][-]{section.3.4}{Sicurezza del back-end}{chapter.3}% 33
\BOOKMARK [2][-]{subsection.3.4.1}{Utilizzo di Flask-WTF per gestire i moduli e i token CSRF}{section.3.4}% 34
\BOOKMARK [2][-]{subsection.3.4.2}{Meccanismi di autenticazione e autorizzazione}{section.3.4}% 35
\BOOKMARK [2][-]{subsection.3.4.3}{Salting e hashing delle password degli utenti}{section.3.4}% 36
\BOOKMARK [2][-]{subsection.3.4.4}{Protezione da SQL Injection }{section.3.4}% 37
\BOOKMARK [0][-]{chapter.4}{Implementazione front-end}{}% 38
\BOOKMARK [1][-]{section.4.1}{Design finale}{chapter.4}% 39
\BOOKMARK [1][-]{section.4.2}{Integrazione tra front-end e back-end}{chapter.4}% 40
\BOOKMARK [0][-]{chapter.5}{Contributo al progetto}{}% 41
\BOOKMARK [1][-]{section.5.1}{Processo di sviluppo}{chapter.5}% 42
\BOOKMARK [1][-]{section.5.2}{Analitiche Github}{chapter.5}% 43
